localhost-startStop-1 [ERROR] 2018-12-05 12:34:56785 org.springframework.web.context.ContextLoader Context initialization failed
org.springframework.beans.factory.BeanCreationException: Error creating bean with name 'IntegralWallDao' defined in ServletContext resource [/WEB-INF/conf/app-BASE-DAO.xml]: Error setting property values; nested exception is org.springframework.beans.NotWritablePropertyException: Invalid property 'sqlSessionTemplate' of bean class [com.faqiao.api.other.dao.impl.IntegralWallDaoImpl]: Bean property 'sqlSessionTemplate' is not writable or has an invalid setter method. Does the parameter type of the setter match the return type of the getter?
	at org.springframework.beans.factory.support.AbstractAutowireCapableBeanFactory.applyPropertyValues(AbstractAutowireCapableBeanFactory.java:1453) ~[spring-beans-3.2.5.RELEASE.jar:3.2.5.RELEASE]
	at org.springframework.beans.factory.support.AbstractAutowireCapableBeanFactory.populateBean(AbstractAutowireCapableBeanFactory.java:1158) ~[spring-beans-3.2.5.RELEASE.jar:3.2.5.RELEASE]
	at org.springframework.beans.factory.support.AbstractAutowireCapableBeanFactory.doCreateBean(AbstractAutowireCapableBeanFactory.java:519) ~[spring-beans-3.2.5.RELEASE.jar:3.2.5.RELEASE]
	at org.springframework.beans.factory.support.AbstractAutowireCapableBeanFactory.createBean(AbstractAutowireCapableBeanFactory.java:458) ~[spring-beans-3.2.5.RELEASE.jar:3.2.5.RELEASE]
	at org.springframework.beans.factory.support.AbstractBeanFactory$1.getObject(AbstractBeanFactory.java:296) ~[spring-beans-3.2.5.RELEASE.jar:3.2.5.RELEASE]
	at org.springframework.beans.factory.support.DefaultSingletonBeanRegistry.getSingleton(DefaultSingletonBeanRegistry.java:223) ~[spring-beans-3.2.5.RELEASE.jar:3.2.5.RELEASE]
	at org.springframework.beans.factory.support.AbstractBeanFactory.doGetBean(AbstractBeanFactory.java:293) ~[spring-beans-3.2.5.RELEASE.jar:3.2.5.RELEASE]
	at org.springframework.beans.factory.support.AbstractBeanFactory.getBean(AbstractBeanFactory.java:194) ~[spring-beans-3.2.5.RELEASE.jar:3.2.5.RELEASE]
	at org.springframework.beans.factory.support.DefaultListableBeanFactory.preInstantiateSingletons(DefaultListableBeanFactory.java:628) ~[spring-beans-3.2.5.RELEASE.jar:3.2.5.RELEASE]
	at org.springframework.context.support.AbstractApplicationContext.finishBeanFactoryInitialization(AbstractApplicationContext.java:932) ~[spring-context-3.2.5.RELEASE.jar:3.2.5.RELEASE]
	at org.springframework.context.support.AbstractApplicationContext.refresh(AbstractApplicationContext.java:479) ~[spring-context-3.2.5.RELEASE.jar:3.2.5.RELEASE]
	at org.springframework.web.context.ContextLoader.configureAndRefreshWebApplicationContext(ContextLoader.java:389) ~[spring-web-3.2.5.RELEASE.jar:3.2.5.RELEASE]
	at org.springframework.web.context.ContextLoader.initWebApplicationContext(ContextLoader.java:294) ~[spring-web-3.2.5.RELEASE.jar:3.2.5.RELEASE]
	at org.springframework.web.context.ContextLoaderListener.contextInitialized(ContextLoaderListener.java:112) [spring-web-3.2.5.RELEASE.jar:3.2.5.RELEASE]
	at org.apache.catalina.core.StandardContext.listenerStart(StandardContext.java:4939) [catalina.jar:7.0.42]
	at org.apache.catalina.core.StandardContext.startInternal(StandardContext.java:5434) [catalina.jar:7.0.42]
	at org.apache.catalina.util.LifecycleBase.start(LifecycleBase.java:150) [catalina.jar:7.0.42]
	at org.apache.catalina.core.ContainerBase$StartChild.call(ContainerBase.java:1559) [catalina.jar:7.0.42]
	at org.apache.catalina.core.ContainerBase$StartChild.call(ContainerBase.java:1549) [catalina.jar:7.0.42]
	at java.util.concurrent.FutureTask.run(FutureTask.java:262) [na:1.7.0_45]
	at java.util.concurrent.ThreadPoolExecutor.runWorker(ThreadPoolExecutor.java:1145) [na:1.7.0_45]
	at java.util.concurrent.ThreadPoolExecutor$Worker.run(ThreadPoolExecutor.java:615) [na:1.7.0_45]
	at java.lang.Thread.run(Thread.java:744) [na:1.7.0_45]
Caused by: org.springframework.beans.NotWritablePropertyException: Invalid property 'sqlSessionTemplate' of bean class [com.faqiao.api.other.dao.impl.IntegralWallDaoImpl]: Bean property 'sqlSessionTemplate' is not writable or has an invalid setter method. Does the parameter type of the setter match the return type of the getter?
	at org.springframework.beans.BeanWrapperImpl.setPropertyValue(BeanWrapperImpl.java:1042) ~[spring-beans-3.2.5.RELEASE.jar:3.2.5.RELEASE]
	at org.springframework.beans.BeanWrapperImpl.setPropertyValue(BeanWrapperImpl.java:902) ~[spring-beans-3.2.5.RELEASE.jar:3.2.5.RELEASE]
	at org.springframework.beans.AbstractPropertyAccessor.setPropertyValues(AbstractPropertyAccessor.java:75) ~[spring-beans-3.2.5.RELEASE.jar:3.2.5.RELEASE]
	at org.springframework.beans.AbstractPropertyAccessor.setPropertyValues(AbstractPropertyAccessor.java:57) ~[spring-beans-3.2.5.RELEASE.jar:3.2.5.RELEASE]
	at org.springframework.beans.factory.support.AbstractAutowireCapableBeanFactory.applyPropertyValues(AbstractAutowireCapableBeanFactory.java:1450) ~[spring-beans-3.2.5.RELEASE.jar:3.2.5.RELEASE]
	... 22 common frames omitted
localhost-startStop-1 [ERROR] 2018-12-05 13:26:51718 org.springframework.web.context.ContextLoader Context initialization failed
org.springframework.beans.factory.BeanCreationException: Error creating bean with name 'IntegralWallDao' defined in ServletContext resource [/WEB-INF/conf/app-BASE-DAO.xml]: Error setting property values; nested exception is org.springframework.beans.NotWritablePropertyException: Invalid property 'sqlSessionTemplate' of bean class [com.faqiao.api.other.dao.impl.IntegralWallDaoImpl]: Bean property 'sqlSessionTemplate' is not writable or has an invalid setter method. Does the parameter type of the setter match the return type of the getter?
	at org.springframework.beans.factory.support.AbstractAutowireCapableBeanFactory.applyPropertyValues(AbstractAutowireCapableBeanFactory.java:1453) ~[spring-beans-3.2.5.RELEASE.jar:3.2.5.RELEASE]
	at org.springframework.beans.factory.support.AbstractAutowireCapableBeanFactory.populateBean(AbstractAutowireCapableBeanFactory.java:1158) ~[spring-beans-3.2.5.RELEASE.jar:3.2.5.RELEASE]
	at org.springframework.beans.factory.support.AbstractAutowireCapableBeanFactory.doCreateBean(AbstractAutowireCapableBeanFactory.java:519) ~[spring-beans-3.2.5.RELEASE.jar:3.2.5.RELEASE]
	at org.springframework.beans.factory.support.AbstractAutowireCapableBeanFactory.createBean(AbstractAutowireCapableBeanFactory.java:458) ~[spring-beans-3.2.5.RELEASE.jar:3.2.5.RELEASE]
	at org.springframework.beans.factory.support.AbstractBeanFactory$1.getObject(AbstractBeanFactory.java:296) ~[spring-beans-3.2.5.RELEASE.jar:3.2.5.RELEASE]
	at org.springframework.beans.factory.support.DefaultSingletonBeanRegistry.getSingleton(DefaultSingletonBeanRegistry.java:223) ~[spring-beans-3.2.5.RELEASE.jar:3.2.5.RELEASE]
	at org.springframework.beans.factory.support.AbstractBeanFactory.doGetBean(AbstractBeanFactory.java:293) ~[spring-beans-3.2.5.RELEASE.jar:3.2.5.RELEASE]
	at org.springframework.beans.factory.support.AbstractBeanFactory.getBean(AbstractBeanFactory.java:194) ~[spring-beans-3.2.5.RELEASE.jar:3.2.5.RELEASE]
	at org.springframework.beans.factory.support.DefaultListableBeanFactory.preInstantiateSingletons(DefaultListableBeanFactory.java:628) ~[spring-beans-3.2.5.RELEASE.jar:3.2.5.RELEASE]
	at org.springframework.context.support.AbstractApplicationContext.finishBeanFactoryInitialization(AbstractApplicationContext.java:932) ~[spring-context-3.2.5.RELEASE.jar:3.2.5.RELEASE]
	at org.springframework.context.support.AbstractApplicationContext.refresh(AbstractApplicationContext.java:479) ~[spring-context-3.2.5.RELEASE.jar:3.2.5.RELEASE]
	at org.springframework.web.context.ContextLoader.configureAndRefreshWebApplicationContext(ContextLoader.java:389) ~[spring-web-3.2.5.RELEASE.jar:3.2.5.RELEASE]
	at org.springframework.web.context.ContextLoader.initWebApplicationContext(ContextLoader.java:294) ~[spring-web-3.2.5.RELEASE.jar:3.2.5.RELEASE]
	at org.springframework.web.context.ContextLoaderListener.contextInitialized(ContextLoaderListener.java:112) [spring-web-3.2.5.RELEASE.jar:3.2.5.RELEASE]
	at org.apache.catalina.core.StandardContext.listenerStart(StandardContext.java:4939) [catalina.jar:7.0.42]
	at org.apache.catalina.core.StandardContext.startInternal(StandardContext.java:5434) [catalina.jar:7.0.42]
	at org.apache.catalina.util.LifecycleBase.start(LifecycleBase.java:150) [catalina.jar:7.0.42]
	at org.apache.catalina.core.ContainerBase$StartChild.call(ContainerBase.java:1559) [catalina.jar:7.0.42]
	at org.apache.catalina.core.ContainerBase$StartChild.call(ContainerBase.java:1549) [catalina.jar:7.0.42]
	at java.util.concurrent.FutureTask.run(FutureTask.java:262) [na:1.7.0_45]
	at java.util.concurrent.ThreadPoolExecutor.runWorker(ThreadPoolExecutor.java:1145) [na:1.7.0_45]
	at java.util.concurrent.ThreadPoolExecutor$Worker.run(ThreadPoolExecutor.java:615) [na:1.7.0_45]
	at java.lang.Thread.run(Thread.java:744) [na:1.7.0_45]
Caused by: org.springframework.beans.NotWritablePropertyException: Invalid property 'sqlSessionTemplate' of bean class [com.faqiao.api.other.dao.impl.IntegralWallDaoImpl]: Bean property 'sqlSessionTemplate' is not writable or has an invalid setter method. Does the parameter type of the setter match the return type of the getter?
	at org.springframework.beans.BeanWrapperImpl.setPropertyValue(BeanWrapperImpl.java:1042) ~[spring-beans-3.2.5.RELEASE.jar:3.2.5.RELEASE]
	at org.springframework.beans.BeanWrapperImpl.setPropertyValue(BeanWrapperImpl.java:902) ~[spring-beans-3.2.5.RELEASE.jar:3.2.5.RELEASE]
	at org.springframework.beans.AbstractPropertyAccessor.setPropertyValues(AbstractPropertyAccessor.java:75) ~[spring-beans-3.2.5.RELEASE.jar:3.2.5.RELEASE]
	at org.springframework.beans.AbstractPropertyAccessor.setPropertyValues(AbstractPropertyAccessor.java:57) ~[spring-beans-3.2.5.RELEASE.jar:3.2.5.RELEASE]
	at org.springframework.beans.factory.support.AbstractAutowireCapableBeanFactory.applyPropertyValues(AbstractAutowireCapableBeanFactory.java:1450) ~[spring-beans-3.2.5.RELEASE.jar:3.2.5.RELEASE]
	... 22 common frames omitted
localhost-startStop-1 [ERROR] 2018-12-05 13:27:58532 org.springframework.web.context.ContextLoader Context initialization failed
org.springframework.beans.factory.BeanCreationException: Error creating bean with name 'IntegralWallDao' defined in ServletContext resource [/WEB-INF/conf/app-BASE-DAO.xml]: Error setting property values; nested exception is org.springframework.beans.NotWritablePropertyException: Invalid property 'sqlSessionTemplate' of bean class [com.faqiao.api.other.dao.impl.IntegralWallDaoImpl]: Bean property 'sqlSessionTemplate' is not writable or has an invalid setter method. Does the parameter type of the setter match the return type of the getter?
	at org.springframework.beans.factory.support.AbstractAutowireCapableBeanFactory.applyPropertyValues(AbstractAutowireCapableBeanFactory.java:1453) ~[spring-beans-3.2.5.RELEASE.jar:3.2.5.RELEASE]
	at org.springframework.beans.factory.support.AbstractAutowireCapableBeanFactory.populateBean(AbstractAutowireCapableBeanFactory.java:1158) ~[spring-beans-3.2.5.RELEASE.jar:3.2.5.RELEASE]
	at org.springframework.beans.factory.support.AbstractAutowireCapableBeanFactory.doCreateBean(AbstractAutowireCapableBeanFactory.java:519) ~[spring-beans-3.2.5.RELEASE.jar:3.2.5.RELEASE]
	at org.springframework.beans.factory.support.AbstractAutowireCapableBeanFactory.createBean(AbstractAutowireCapableBeanFactory.java:458) ~[spring-beans-3.2.5.RELEASE.jar:3.2.5.RELEASE]
	at org.springframework.beans.factory.support.AbstractBeanFactory$1.getObject(AbstractBeanFactory.java:296) ~[spring-beans-3.2.5.RELEASE.jar:3.2.5.RELEASE]
	at org.springframework.beans.factory.support.DefaultSingletonBeanRegistry.getSingleton(DefaultSingletonBeanRegistry.java:223) ~[spring-beans-3.2.5.RELEASE.jar:3.2.5.RELEASE]
	at org.springframework.beans.factory.support.AbstractBeanFactory.doGetBean(AbstractBeanFactory.java:293) ~[spring-beans-3.2.5.RELEASE.jar:3.2.5.RELEASE]
	at org.springframework.beans.factory.support.AbstractBeanFactory.getBean(AbstractBeanFactory.java:194) ~[spring-beans-3.2.5.RELEASE.jar:3.2.5.RELEASE]
	at org.springframework.beans.factory.support.DefaultListableBeanFactory.preInstantiateSingletons(DefaultListableBeanFactory.java:628) ~[spring-beans-3.2.5.RELEASE.jar:3.2.5.RELEASE]
	at org.springframework.context.support.AbstractApplicationContext.finishBeanFactoryInitialization(AbstractApplicationContext.java:932) ~[spring-context-3.2.5.RELEASE.jar:3.2.5.RELEASE]
	at org.springframework.context.support.AbstractApplicationContext.refresh(AbstractApplicationContext.java:479) ~[spring-context-3.2.5.RELEASE.jar:3.2.5.RELEASE]
	at org.springframework.web.context.ContextLoader.configureAndRefreshWebApplicationContext(ContextLoader.java:389) ~[spring-web-3.2.5.RELEASE.jar:3.2.5.RELEASE]
	at org.springframework.web.context.ContextLoader.initWebApplicationContext(ContextLoader.java:294) ~[spring-web-3.2.5.RELEASE.jar:3.2.5.RELEASE]
	at org.springframework.web.context.ContextLoaderListener.contextInitialized(ContextLoaderListener.java:112) [spring-web-3.2.5.RELEASE.jar:3.2.5.RELEASE]
	at org.apache.catalina.core.StandardContext.listenerStart(StandardContext.java:4939) [catalina.jar:7.0.42]
	at org.apache.catalina.core.StandardContext.startInternal(StandardContext.java:5434) [catalina.jar:7.0.42]
	at org.apache.catalina.util.LifecycleBase.start(LifecycleBase.java:150) [catalina.jar:7.0.42]
	at org.apache.catalina.core.ContainerBase$StartChild.call(ContainerBase.java:1559) [catalina.jar:7.0.42]
	at org.apache.catalina.core.ContainerBase$StartChild.call(ContainerBase.java:1549) [catalina.jar:7.0.42]
	at java.util.concurrent.FutureTask.run(FutureTask.java:262) [na:1.7.0_45]
	at java.util.concurrent.ThreadPoolExecutor.runWorker(ThreadPoolExecutor.java:1145) [na:1.7.0_45]
	at java.util.concurrent.ThreadPoolExecutor$Worker.run(ThreadPoolExecutor.java:615) [na:1.7.0_45]
	at java.lang.Thread.run(Thread.java:744) [na:1.7.0_45]
Caused by: org.springframework.beans.NotWritablePropertyException: Invalid property 'sqlSessionTemplate' of bean class [com.faqiao.api.other.dao.impl.IntegralWallDaoImpl]: Bean property 'sqlSessionTemplate' is not writable or has an invalid setter method. Does the parameter type of the setter match the return type of the getter?
	at org.springframework.beans.BeanWrapperImpl.setPropertyValue(BeanWrapperImpl.java:1042) ~[spring-beans-3.2.5.RELEASE.jar:3.2.5.RELEASE]
	at org.springframework.beans.BeanWrapperImpl.setPropertyValue(BeanWrapperImpl.java:902) ~[spring-beans-3.2.5.RELEASE.jar:3.2.5.RELEASE]
	at org.springframework.beans.AbstractPropertyAccessor.setPropertyValues(AbstractPropertyAccessor.java:75) ~[spring-beans-3.2.5.RELEASE.jar:3.2.5.RELEASE]
	at org.springframework.beans.AbstractPropertyAccessor.setPropertyValues(AbstractPropertyAccessor.java:57) ~[spring-beans-3.2.5.RELEASE.jar:3.2.5.RELEASE]
	at org.springframework.beans.factory.support.AbstractAutowireCapableBeanFactory.applyPropertyValues(AbstractAutowireCapableBeanFactory.java:1450) ~[spring-beans-3.2.5.RELEASE.jar:3.2.5.RELEASE]
	... 22 common frames omitted
localhost-startStop-1 [ERROR] 2018-12-05 18:11:27224 org.springframework.web.servlet.DispatcherServlet Context initialization failed
org.springframework.beans.factory.BeanCreationException: Error creating bean with name 'multipartResolver' defined in ServletContext resource [/WEB-INF/conf/app-servlet.xml]: Error setting property values; nested exception is org.springframework.beans.PropertyBatchUpdateException; nested PropertyAccessExceptions (1) are:
PropertyAccessException 1: org.springframework.beans.MethodInvocationException: Property 'uploadTempDir' threw exception; nested exception is java.lang.IllegalArgumentException: Given uploadTempDir [ServletContext resource [/temp]] could not be created
	at org.springframework.beans.factory.support.AbstractAutowireCapableBeanFactory.applyPropertyValues(AbstractAutowireCapableBeanFactory.java:1453) ~[spring-beans-3.2.5.RELEASE.jar:3.2.5.RELEASE]
	at org.springframework.beans.factory.support.AbstractAutowireCapableBeanFactory.populateBean(AbstractAutowireCapableBeanFactory.java:1158) ~[spring-beans-3.2.5.RELEASE.jar:3.2.5.RELEASE]
	at org.springframework.beans.factory.support.AbstractAutowireCapableBeanFactory.doCreateBean(AbstractAutowireCapableBeanFactory.java:519) ~[spring-beans-3.2.5.RELEASE.jar:3.2.5.RELEASE]
	at org.springframework.beans.factory.support.AbstractAutowireCapableBeanFactory.createBean(AbstractAutowireCapableBeanFactory.java:458) ~[spring-beans-3.2.5.RELEASE.jar:3.2.5.RELEASE]
	at org.springframework.beans.factory.support.AbstractBeanFactory$1.getObject(AbstractBeanFactory.java:296) ~[spring-beans-3.2.5.RELEASE.jar:3.2.5.RELEASE]
	at org.springframework.beans.factory.support.DefaultSingletonBeanRegistry.getSingleton(DefaultSingletonBeanRegistry.java:223) ~[spring-beans-3.2.5.RELEASE.jar:3.2.5.RELEASE]
	at org.springframework.beans.factory.support.AbstractBeanFactory.doGetBean(AbstractBeanFactory.java:293) ~[spring-beans-3.2.5.RELEASE.jar:3.2.5.RELEASE]
	at org.springframework.beans.factory.support.AbstractBeanFactory.getBean(AbstractBeanFactory.java:194) ~[spring-beans-3.2.5.RELEASE.jar:3.2.5.RELEASE]
	at org.springframework.beans.factory.support.DefaultListableBeanFactory.preInstantiateSingletons(DefaultListableBeanFactory.java:628) ~[spring-beans-3.2.5.RELEASE.jar:3.2.5.RELEASE]
	at org.springframework.context.support.AbstractApplicationContext.finishBeanFactoryInitialization(AbstractApplicationContext.java:932) ~[spring-context-3.2.5.RELEASE.jar:3.2.5.RELEASE]
	at org.springframework.context.support.AbstractApplicationContext.refresh(AbstractApplicationContext.java:479) ~[spring-context-3.2.5.RELEASE.jar:3.2.5.RELEASE]
	at org.springframework.web.servlet.FrameworkServlet.configureAndRefreshWebApplicationContext(FrameworkServlet.java:651) ~[spring-webmvc-3.2.5.RELEASE.jar:3.2.5.RELEASE]
	at org.springframework.web.servlet.FrameworkServlet.createWebApplicationContext(FrameworkServlet.java:599) ~[spring-webmvc-3.2.5.RELEASE.jar:3.2.5.RELEASE]
	at org.springframework.web.servlet.FrameworkServlet.createWebApplicationContext(FrameworkServlet.java:665) ~[spring-webmvc-3.2.5.RELEASE.jar:3.2.5.RELEASE]
	at org.springframework.web.servlet.FrameworkServlet.initWebApplicationContext(FrameworkServlet.java:518) ~[spring-webmvc-3.2.5.RELEASE.jar:3.2.5.RELEASE]
	at org.springframework.web.servlet.FrameworkServlet.initServletBean(FrameworkServlet.java:459) ~[spring-webmvc-3.2.5.RELEASE.jar:3.2.5.RELEASE]
	at org.springframework.web.servlet.HttpServletBean.init(HttpServletBean.java:136) [spring-webmvc-3.2.5.RELEASE.jar:3.2.5.RELEASE]
	at javax.servlet.GenericServlet.init(GenericServlet.java:161) [geronimo-servlet_3.0_spec-1.0.jar:1.0]
	at org.apache.catalina.core.StandardWrapper.initServlet(StandardWrapper.java:1280) [catalina.jar:7.0.42]
	at org.apache.catalina.core.StandardWrapper.loadServlet(StandardWrapper.java:1193) [catalina.jar:7.0.42]
	at org.apache.catalina.core.StandardWrapper.load(StandardWrapper.java:1088) [catalina.jar:7.0.42]
	at org.apache.catalina.core.StandardContext.loadOnStartup(StandardContext.java:5176) [catalina.jar:7.0.42]
	at org.apache.catalina.core.StandardContext.startInternal(StandardContext.java:5460) [catalina.jar:7.0.42]
	at org.apache.catalina.util.LifecycleBase.start(LifecycleBase.java:150) [catalina.jar:7.0.42]
	at org.apache.catalina.core.ContainerBase$StartChild.call(ContainerBase.java:1559) [catalina.jar:7.0.42]
	at org.apache.catalina.core.ContainerBase$StartChild.call(ContainerBase.java:1549) [catalina.jar:7.0.42]
	at java.util.concurrent.FutureTask.run(FutureTask.java:262) [na:1.7.0_45]
	at java.util.concurrent.ThreadPoolExecutor.runWorker(ThreadPoolExecutor.java:1145) [na:1.7.0_45]
	at java.util.concurrent.ThreadPoolExecutor$Worker.run(ThreadPoolExecutor.java:615) [na:1.7.0_45]
	at java.lang.Thread.run(Thread.java:744) [na:1.7.0_45]
Caused by: org.springframework.beans.PropertyBatchUpdateException: Failed properties: Property 'uploadTempDir' threw exception; nested exception is java.lang.IllegalArgumentException: Given uploadTempDir [ServletContext resource [/temp]] could not be created
	at org.springframework.beans.AbstractPropertyAccessor.setPropertyValues(AbstractPropertyAccessor.java:101) ~[spring-beans-3.2.5.RELEASE.jar:3.2.5.RELEASE]
	at org.springframework.beans.AbstractPropertyAccessor.setPropertyValues(AbstractPropertyAccessor.java:57) ~[spring-beans-3.2.5.RELEASE.jar:3.2.5.RELEASE]
	at org.springframework.beans.factory.support.AbstractAutowireCapableBeanFactory.applyPropertyValues(AbstractAutowireCapableBeanFactory.java:1450) ~[spring-beans-3.2.5.RELEASE.jar:3.2.5.RELEASE]
	... 29 common frames omitted
