localhost-startStop-1 [ERROR] 2018-10-30 10:53:17816 org.springframework.web.context.ContextLoader Context initialization failed
org.springframework.beans.factory.BeanCreationException: Error creating bean with name 'cacheController': Injection of resource dependencies failed; nested exception is org.springframework.beans.factory.BeanCreationException: Error creating bean with name 'userService' defined in ServletContext resource [/WEB-INF/conf/app-REST-Service.xml]: Cannot resolve reference to bean 'instantvoiceService' while setting bean property 'instantvoiceService'; nested exception is org.springframework.beans.factory.BeanCreationException: Error creating bean with name 'instantvoiceService' defined in ServletContext resource [/WEB-INF/conf/app-REST-Service.xml]: Cannot resolve reference to bean 'evaluateService' while setting bean property 'evaluateService'; nested exception is org.springframework.beans.factory.BeanCreationException: Error creating bean with name 'evaluateService' defined in ServletContext resource [/WEB-INF/conf/app-REST-Service.xml]: Error setting property values; nested exception is org.springframework.beans.NotWritablePropertyException: Invalid property 'instantvoiceService' of bean class [com.faqiao.api.evaluate.service.impl.EvaluateServiceImpl]: Bean property 'instantvoiceService' is not writable or has an invalid setter method. Does the parameter type of the setter match the return type of the getter?
	at org.springframework.context.annotation.CommonAnnotationBeanPostProcessor.postProcessPropertyValues(CommonAnnotationBeanPostProcessor.java:306) ~[spring-context-3.2.5.RELEASE.jar:3.2.5.RELEASE]
	at org.springframework.beans.factory.support.AbstractAutowireCapableBeanFactory.populateBean(AbstractAutowireCapableBeanFactory.java:1146) ~[spring-beans-3.2.5.RELEASE.jar:3.2.5.RELEASE]
	at org.springframework.beans.factory.support.AbstractAutowireCapableBeanFactory.doCreateBean(AbstractAutowireCapableBeanFactory.java:519) ~[spring-beans-3.2.5.RELEASE.jar:3.2.5.RELEASE]
	at org.springframework.beans.factory.support.AbstractAutowireCapableBeanFactory.createBean(AbstractAutowireCapableBeanFactory.java:458) ~[spring-beans-3.2.5.RELEASE.jar:3.2.5.RELEASE]
	at org.springframework.beans.factory.support.AbstractBeanFactory$1.getObject(AbstractBeanFactory.java:296) ~[spring-beans-3.2.5.RELEASE.jar:3.2.5.RELEASE]
	at org.springframework.beans.factory.support.DefaultSingletonBeanRegistry.getSingleton(DefaultSingletonBeanRegistry.java:223) ~[spring-beans-3.2.5.RELEASE.jar:3.2.5.RELEASE]
	at org.springframework.beans.factory.support.AbstractBeanFactory.doGetBean(AbstractBeanFactory.java:293) ~[spring-beans-3.2.5.RELEASE.jar:3.2.5.RELEASE]
	at org.springframework.beans.factory.support.AbstractBeanFactory.getBean(AbstractBeanFactory.java:194) ~[spring-beans-3.2.5.RELEASE.jar:3.2.5.RELEASE]
	at org.springframework.beans.factory.support.DefaultListableBeanFactory.preInstantiateSingletons(DefaultListableBeanFactory.java:628) ~[spring-beans-3.2.5.RELEASE.jar:3.2.5.RELEASE]
	at org.springframework.context.support.AbstractApplicationContext.finishBeanFactoryInitialization(AbstractApplicationContext.java:932) ~[spring-context-3.2.5.RELEASE.jar:3.2.5.RELEASE]
	at org.springframework.context.support.AbstractApplicationContext.refresh(AbstractApplicationContext.java:479) ~[spring-context-3.2.5.RELEASE.jar:3.2.5.RELEASE]
	at org.springframework.web.context.ContextLoader.configureAndRefreshWebApplicationContext(ContextLoader.java:389) ~[spring-web-3.2.5.RELEASE.jar:3.2.5.RELEASE]
	at org.springframework.web.context.ContextLoader.initWebApplicationContext(ContextLoader.java:294) ~[spring-web-3.2.5.RELEASE.jar:3.2.5.RELEASE]
	at org.springframework.web.context.ContextLoaderListener.contextInitialized(ContextLoaderListener.java:112) [spring-web-3.2.5.RELEASE.jar:3.2.5.RELEASE]
	at org.apache.catalina.core.StandardContext.listenerStart(StandardContext.java:4939) [catalina.jar:7.0.42]
	at org.apache.catalina.core.StandardContext.startInternal(StandardContext.java:5434) [catalina.jar:7.0.42]
	at org.apache.catalina.util.LifecycleBase.start(LifecycleBase.java:150) [catalina.jar:7.0.42]
	at org.apache.catalina.core.ContainerBase$StartChild.call(ContainerBase.java:1559) [catalina.jar:7.0.42]
	at org.apache.catalina.core.ContainerBase$StartChild.call(ContainerBase.java:1549) [catalina.jar:7.0.42]
	at java.util.concurrent.FutureTask.run(FutureTask.java:262) [na:1.7.0_45]
	at java.util.concurrent.ThreadPoolExecutor.runWorker(ThreadPoolExecutor.java:1145) [na:1.7.0_45]
	at java.util.concurrent.ThreadPoolExecutor$Worker.run(ThreadPoolExecutor.java:615) [na:1.7.0_45]
	at java.lang.Thread.run(Thread.java:744) [na:1.7.0_45]
Caused by: org.springframework.beans.factory.BeanCreationException: Error creating bean with name 'userService' defined in ServletContext resource [/WEB-INF/conf/app-REST-Service.xml]: Cannot resolve reference to bean 'instantvoiceService' while setting bean property 'instantvoiceService'; nested exception is org.springframework.beans.factory.BeanCreationException: Error creating bean with name 'instantvoiceService' defined in ServletContext resource [/WEB-INF/conf/app-REST-Service.xml]: Cannot resolve reference to bean 'evaluateService' while setting bean property 'evaluateService'; nested exception is org.springframework.beans.factory.BeanCreationException: Error creating bean with name 'evaluateService' defined in ServletContext resource [/WEB-INF/conf/app-REST-Service.xml]: Error setting property values; nested exception is org.springframework.beans.NotWritablePropertyException: Invalid property 'instantvoiceService' of bean class [com.faqiao.api.evaluate.service.impl.EvaluateServiceImpl]: Bean property 'instantvoiceService' is not writable or has an invalid setter method. Does the parameter type of the setter match the return type of the getter?
	at org.springframework.beans.factory.support.BeanDefinitionValueResolver.resolveReference(BeanDefinitionValueResolver.java:329) ~[spring-beans-3.2.5.RELEASE.jar:3.2.5.RELEASE]
	at org.springframework.beans.factory.support.BeanDefinitionValueResolver.resolveValueIfNecessary(BeanDefinitionValueResolver.java:107) ~[spring-beans-3.2.5.RELEASE.jar:3.2.5.RELEASE]
	at org.springframework.beans.factory.support.AbstractAutowireCapableBeanFactory.applyPropertyValues(AbstractAutowireCapableBeanFactory.java:1417) ~[spring-beans-3.2.5.RELEASE.jar:3.2.5.RELEASE]
	at org.springframework.beans.factory.support.AbstractAutowireCapableBeanFactory.populateBean(AbstractAutowireCapableBeanFactory.java:1158) ~[spring-beans-3.2.5.RELEASE.jar:3.2.5.RELEASE]
	at org.springframework.beans.factory.support.AbstractAutowireCapableBeanFactory.doCreateBean(AbstractAutowireCapableBeanFactory.java:519) ~[spring-beans-3.2.5.RELEASE.jar:3.2.5.RELEASE]
	at org.springframework.beans.factory.support.AbstractAutowireCapableBeanFactory.createBean(AbstractAutowireCapableBeanFactory.java:458) ~[spring-beans-3.2.5.RELEASE.jar:3.2.5.RELEASE]
	at org.springframework.beans.factory.support.AbstractBeanFactory$1.getObject(AbstractBeanFactory.java:296) ~[spring-beans-3.2.5.RELEASE.jar:3.2.5.RELEASE]
	at org.springframework.beans.factory.support.DefaultSingletonBeanRegistry.getSingleton(DefaultSingletonBeanRegistry.java:223) ~[spring-beans-3.2.5.RELEASE.jar:3.2.5.RELEASE]
	at org.springframework.beans.factory.support.AbstractBeanFactory.doGetBean(AbstractBeanFactory.java:293) ~[spring-beans-3.2.5.RELEASE.jar:3.2.5.RELEASE]
	at org.springframework.beans.factory.support.AbstractBeanFactory.getBean(AbstractBeanFactory.java:198) ~[spring-beans-3.2.5.RELEASE.jar:3.2.5.RELEASE]
	at org.springframework.context.annotation.CommonAnnotationBeanPostProcessor.autowireResource(CommonAnnotationBeanPostProcessor.java:444) ~[spring-context-3.2.5.RELEASE.jar:3.2.5.RELEASE]
	at org.springframework.context.annotation.CommonAnnotationBeanPostProcessor.getResource(CommonAnnotationBeanPostProcessor.java:418) ~[spring-context-3.2.5.RELEASE.jar:3.2.5.RELEASE]
	at org.springframework.context.annotation.CommonAnnotationBeanPostProcessor$ResourceElement.getResourceToInject(CommonAnnotationBeanPostProcessor.java:546) ~[spring-context-3.2.5.RELEASE.jar:3.2.5.RELEASE]
	at org.springframework.beans.factory.annotation.InjectionMetadata$InjectedElement.inject(InjectionMetadata.java:150) ~[spring-beans-3.2.5.RELEASE.jar:3.2.5.RELEASE]
	at org.springframework.beans.factory.annotation.InjectionMetadata.inject(InjectionMetadata.java:87) ~[spring-beans-3.2.5.RELEASE.jar:3.2.5.RELEASE]
	at org.springframework.context.annotation.CommonAnnotationBeanPostProcessor.postProcessPropertyValues(CommonAnnotationBeanPostProcessor.java:303) ~[spring-context-3.2.5.RELEASE.jar:3.2.5.RELEASE]
	... 22 common frames omitted
Caused by: org.springframework.beans.factory.BeanCreationException: Error creating bean with name 'instantvoiceService' defined in ServletContext resource [/WEB-INF/conf/app-REST-Service.xml]: Cannot resolve reference to bean 'evaluateService' while setting bean property 'evaluateService'; nested exception is org.springframework.beans.factory.BeanCreationException: Error creating bean with name 'evaluateService' defined in ServletContext resource [/WEB-INF/conf/app-REST-Service.xml]: Error setting property values; nested exception is org.springframework.beans.NotWritablePropertyException: Invalid property 'instantvoiceService' of bean class [com.faqiao.api.evaluate.service.impl.EvaluateServiceImpl]: Bean property 'instantvoiceService' is not writable or has an invalid setter method. Does the parameter type of the setter match the return type of the getter?
	at org.springframework.beans.factory.support.BeanDefinitionValueResolver.resolveReference(BeanDefinitionValueResolver.java:329) ~[spring-beans-3.2.5.RELEASE.jar:3.2.5.RELEASE]
	at org.springframework.beans.factory.support.BeanDefinitionValueResolver.resolveValueIfNecessary(BeanDefinitionValueResolver.java:107) ~[spring-beans-3.2.5.RELEASE.jar:3.2.5.RELEASE]
	at org.springframework.beans.factory.support.AbstractAutowireCapableBeanFactory.applyPropertyValues(AbstractAutowireCapableBeanFactory.java:1417) ~[spring-beans-3.2.5.RELEASE.jar:3.2.5.RELEASE]
	at org.springframework.beans.factory.support.AbstractAutowireCapableBeanFactory.populateBean(AbstractAutowireCapableBeanFactory.java:1158) ~[spring-beans-3.2.5.RELEASE.jar:3.2.5.RELEASE]
	at org.springframework.beans.factory.support.AbstractAutowireCapableBeanFactory.doCreateBean(AbstractAutowireCapableBeanFactory.java:519) ~[spring-beans-3.2.5.RELEASE.jar:3.2.5.RELEASE]
	at org.springframework.beans.factory.support.AbstractAutowireCapableBeanFactory.createBean(AbstractAutowireCapableBeanFactory.java:458) ~[spring-beans-3.2.5.RELEASE.jar:3.2.5.RELEASE]
	at org.springframework.beans.factory.support.AbstractBeanFactory$1.getObject(AbstractBeanFactory.java:296) ~[spring-beans-3.2.5.RELEASE.jar:3.2.5.RELEASE]
	at org.springframework.beans.factory.support.DefaultSingletonBeanRegistry.getSingleton(DefaultSingletonBeanRegistry.java:223) ~[spring-beans-3.2.5.RELEASE.jar:3.2.5.RELEASE]
	at org.springframework.beans.factory.support.AbstractBeanFactory.doGetBean(AbstractBeanFactory.java:293) ~[spring-beans-3.2.5.RELEASE.jar:3.2.5.RELEASE]
	at org.springframework.beans.factory.support.AbstractBeanFactory.getBean(AbstractBeanFactory.java:194) ~[spring-beans-3.2.5.RELEASE.jar:3.2.5.RELEASE]
	at org.springframework.beans.factory.support.BeanDefinitionValueResolver.resolveReference(BeanDefinitionValueResolver.java:323) ~[spring-beans-3.2.5.RELEASE.jar:3.2.5.RELEASE]
	... 37 common frames omitted
Caused by: org.springframework.beans.factory.BeanCreationException: Error creating bean with name 'evaluateService' defined in ServletContext resource [/WEB-INF/conf/app-REST-Service.xml]: Error setting property values; nested exception is org.springframework.beans.NotWritablePropertyException: Invalid property 'instantvoiceService' of bean class [com.faqiao.api.evaluate.service.impl.EvaluateServiceImpl]: Bean property 'instantvoiceService' is not writable or has an invalid setter method. Does the parameter type of the setter match the return type of the getter?
	at org.springframework.beans.factory.support.AbstractAutowireCapableBeanFactory.applyPropertyValues(AbstractAutowireCapableBeanFactory.java:1453) ~[spring-beans-3.2.5.RELEASE.jar:3.2.5.RELEASE]
	at org.springframework.beans.factory.support.AbstractAutowireCapableBeanFactory.populateBean(AbstractAutowireCapableBeanFactory.java:1158) ~[spring-beans-3.2.5.RELEASE.jar:3.2.5.RELEASE]
	at org.springframework.beans.factory.support.AbstractAutowireCapableBeanFactory.doCreateBean(AbstractAutowireCapableBeanFactory.java:519) ~[spring-beans-3.2.5.RELEASE.jar:3.2.5.RELEASE]
	at org.springframework.beans.factory.support.AbstractAutowireCapableBeanFactory.createBean(AbstractAutowireCapableBeanFactory.java:458) ~[spring-beans-3.2.5.RELEASE.jar:3.2.5.RELEASE]
	at org.springframework.beans.factory.support.AbstractBeanFactory$1.getObject(AbstractBeanFactory.java:296) ~[spring-beans-3.2.5.RELEASE.jar:3.2.5.RELEASE]
	at org.springframework.beans.factory.support.DefaultSingletonBeanRegistry.getSingleton(DefaultSingletonBeanRegistry.java:223) ~[spring-beans-3.2.5.RELEASE.jar:3.2.5.RELEASE]
	at org.springframework.beans.factory.support.AbstractBeanFactory.doGetBean(AbstractBeanFactory.java:293) ~[spring-beans-3.2.5.RELEASE.jar:3.2.5.RELEASE]
	at org.springframework.beans.factory.support.AbstractBeanFactory.getBean(AbstractBeanFactory.java:194) ~[spring-beans-3.2.5.RELEASE.jar:3.2.5.RELEASE]
	at org.springframework.beans.factory.support.BeanDefinitionValueResolver.resolveReference(BeanDefinitionValueResolver.java:323) ~[spring-beans-3.2.5.RELEASE.jar:3.2.5.RELEASE]
	... 47 common frames omitted
Caused by: org.springframework.beans.NotWritablePropertyException: Invalid property 'instantvoiceService' of bean class [com.faqiao.api.evaluate.service.impl.EvaluateServiceImpl]: Bean property 'instantvoiceService' is not writable or has an invalid setter method. Does the parameter type of the setter match the return type of the getter?
	at org.springframework.beans.BeanWrapperImpl.setPropertyValue(BeanWrapperImpl.java:1042) ~[spring-beans-3.2.5.RELEASE.jar:3.2.5.RELEASE]
	at org.springframework.beans.BeanWrapperImpl.setPropertyValue(BeanWrapperImpl.java:902) ~[spring-beans-3.2.5.RELEASE.jar:3.2.5.RELEASE]
	at org.springframework.beans.AbstractPropertyAccessor.setPropertyValues(AbstractPropertyAccessor.java:75) ~[spring-beans-3.2.5.RELEASE.jar:3.2.5.RELEASE]
	at org.springframework.beans.AbstractPropertyAccessor.setPropertyValues(AbstractPropertyAccessor.java:57) ~[spring-beans-3.2.5.RELEASE.jar:3.2.5.RELEASE]
	at org.springframework.beans.factory.support.AbstractAutowireCapableBeanFactory.applyPropertyValues(AbstractAutowireCapableBeanFactory.java:1450) ~[spring-beans-3.2.5.RELEASE.jar:3.2.5.RELEASE]
	... 55 common frames omitted
localhost-startStop-1 [ERROR] 2018-10-30 13:49:37254 org.springframework.web.context.ContextLoader Context initialization failed
org.springframework.beans.factory.BeanCreationException: Error creating bean with name 'calculateController' defined in file [E:\workspace\faqiaoServer\faqiaoServer\WEB-INF\classes\com\faqiao\api\calculate\controller\CalculateController.class]: Post-processing failed of bean type [class com.faqiao.api.calculate.controller.CalculateController] failed; nested exception is java.lang.IllegalStateException: @Resource annotation is not supported on static fields
	at org.springframework.beans.factory.support.AbstractAutowireCapableBeanFactory.applyMergedBeanDefinitionPostProcessors(AbstractAutowireCapableBeanFactory.java:875) ~[spring-beans-3.2.5.RELEASE.jar:3.2.5.RELEASE]
	at org.springframework.beans.factory.support.AbstractAutowireCapableBeanFactory.doCreateBean(AbstractAutowireCapableBeanFactory.java:495) ~[spring-beans-3.2.5.RELEASE.jar:3.2.5.RELEASE]
	at org.springframework.beans.factory.support.AbstractAutowireCapableBeanFactory.createBean(AbstractAutowireCapableBeanFactory.java:458) ~[spring-beans-3.2.5.RELEASE.jar:3.2.5.RELEASE]
	at org.springframework.beans.factory.support.AbstractBeanFactory$1.getObject(AbstractBeanFactory.java:296) ~[spring-beans-3.2.5.RELEASE.jar:3.2.5.RELEASE]
	at org.springframework.beans.factory.support.DefaultSingletonBeanRegistry.getSingleton(DefaultSingletonBeanRegistry.java:223) ~[spring-beans-3.2.5.RELEASE.jar:3.2.5.RELEASE]
	at org.springframework.beans.factory.support.AbstractBeanFactory.doGetBean(AbstractBeanFactory.java:293) ~[spring-beans-3.2.5.RELEASE.jar:3.2.5.RELEASE]
	at org.springframework.beans.factory.support.AbstractBeanFactory.getBean(AbstractBeanFactory.java:194) ~[spring-beans-3.2.5.RELEASE.jar:3.2.5.RELEASE]
	at org.springframework.beans.factory.support.DefaultListableBeanFactory.preInstantiateSingletons(DefaultListableBeanFactory.java:628) ~[spring-beans-3.2.5.RELEASE.jar:3.2.5.RELEASE]
	at org.springframework.context.support.AbstractApplicationContext.finishBeanFactoryInitialization(AbstractApplicationContext.java:932) ~[spring-context-3.2.5.RELEASE.jar:3.2.5.RELEASE]
	at org.springframework.context.support.AbstractApplicationContext.refresh(AbstractApplicationContext.java:479) ~[spring-context-3.2.5.RELEASE.jar:3.2.5.RELEASE]
	at org.springframework.web.context.ContextLoader.configureAndRefreshWebApplicationContext(ContextLoader.java:389) ~[spring-web-3.2.5.RELEASE.jar:3.2.5.RELEASE]
	at org.springframework.web.context.ContextLoader.initWebApplicationContext(ContextLoader.java:294) ~[spring-web-3.2.5.RELEASE.jar:3.2.5.RELEASE]
	at org.springframework.web.context.ContextLoaderListener.contextInitialized(ContextLoaderListener.java:112) [spring-web-3.2.5.RELEASE.jar:3.2.5.RELEASE]
	at org.apache.catalina.core.StandardContext.listenerStart(StandardContext.java:4939) [catalina.jar:7.0.42]
	at org.apache.catalina.core.StandardContext.startInternal(StandardContext.java:5434) [catalina.jar:7.0.42]
	at org.apache.catalina.util.LifecycleBase.start(LifecycleBase.java:150) [catalina.jar:7.0.42]
	at org.apache.catalina.core.ContainerBase$StartChild.call(ContainerBase.java:1559) [catalina.jar:7.0.42]
	at org.apache.catalina.core.ContainerBase$StartChild.call(ContainerBase.java:1549) [catalina.jar:7.0.42]
	at java.util.concurrent.FutureTask.run(FutureTask.java:262) [na:1.7.0_45]
	at java.util.concurrent.ThreadPoolExecutor.runWorker(ThreadPoolExecutor.java:1145) [na:1.7.0_45]
	at java.util.concurrent.ThreadPoolExecutor$Worker.run(ThreadPoolExecutor.java:615) [na:1.7.0_45]
	at java.lang.Thread.run(Thread.java:744) [na:1.7.0_45]
Caused by: java.lang.IllegalStateException: @Resource annotation is not supported on static fields
	at org.springframework.context.annotation.CommonAnnotationBeanPostProcessor.findResourceMetadata(CommonAnnotationBeanPostProcessor.java:341) ~[spring-context-3.2.5.RELEASE.jar:3.2.5.RELEASE]
	at org.springframework.context.annotation.CommonAnnotationBeanPostProcessor.postProcessMergedBeanDefinition(CommonAnnotationBeanPostProcessor.java:285) ~[spring-context-3.2.5.RELEASE.jar:3.2.5.RELEASE]
	at org.springframework.beans.factory.support.AbstractAutowireCapableBeanFactory.applyMergedBeanDefinitionPostProcessors(AbstractAutowireCapableBeanFactory.java:870) ~[spring-beans-3.2.5.RELEASE.jar:3.2.5.RELEASE]
	... 21 common frames omitted
localhost-startStop-1 [ERROR] 2018-10-30 13:51:40515 org.springframework.web.context.ContextLoader Context initialization failed
org.springframework.beans.factory.BeanCreationException: Error creating bean with name 'calculateController' defined in file [E:\workspace\faqiaoServer\faqiaoServer\WEB-INF\classes\com\faqiao\api\calculate\controller\CalculateController.class]: Post-processing failed of bean type [class com.faqiao.api.calculate.controller.CalculateController] failed; nested exception is java.lang.IllegalStateException: @Resource annotation is not supported on static fields
	at org.springframework.beans.factory.support.AbstractAutowireCapableBeanFactory.applyMergedBeanDefinitionPostProcessors(AbstractAutowireCapableBeanFactory.java:875) ~[spring-beans-3.2.5.RELEASE.jar:3.2.5.RELEASE]
	at org.springframework.beans.factory.support.AbstractAutowireCapableBeanFactory.doCreateBean(AbstractAutowireCapableBeanFactory.java:495) ~[spring-beans-3.2.5.RELEASE.jar:3.2.5.RELEASE]
	at org.springframework.beans.factory.support.AbstractAutowireCapableBeanFactory.createBean(AbstractAutowireCapableBeanFactory.java:458) ~[spring-beans-3.2.5.RELEASE.jar:3.2.5.RELEASE]
	at org.springframework.beans.factory.support.AbstractBeanFactory$1.getObject(AbstractBeanFactory.java:296) ~[spring-beans-3.2.5.RELEASE.jar:3.2.5.RELEASE]
	at org.springframework.beans.factory.support.DefaultSingletonBeanRegistry.getSingleton(DefaultSingletonBeanRegistry.java:223) ~[spring-beans-3.2.5.RELEASE.jar:3.2.5.RELEASE]
	at org.springframework.beans.factory.support.AbstractBeanFactory.doGetBean(AbstractBeanFactory.java:293) ~[spring-beans-3.2.5.RELEASE.jar:3.2.5.RELEASE]
	at org.springframework.beans.factory.support.AbstractBeanFactory.getBean(AbstractBeanFactory.java:194) ~[spring-beans-3.2.5.RELEASE.jar:3.2.5.RELEASE]
	at org.springframework.beans.factory.support.DefaultListableBeanFactory.preInstantiateSingletons(DefaultListableBeanFactory.java:628) ~[spring-beans-3.2.5.RELEASE.jar:3.2.5.RELEASE]
	at org.springframework.context.support.AbstractApplicationContext.finishBeanFactoryInitialization(AbstractApplicationContext.java:932) ~[spring-context-3.2.5.RELEASE.jar:3.2.5.RELEASE]
	at org.springframework.context.support.AbstractApplicationContext.refresh(AbstractApplicationContext.java:479) ~[spring-context-3.2.5.RELEASE.jar:3.2.5.RELEASE]
	at org.springframework.web.context.ContextLoader.configureAndRefreshWebApplicationContext(ContextLoader.java:389) ~[spring-web-3.2.5.RELEASE.jar:3.2.5.RELEASE]
	at org.springframework.web.context.ContextLoader.initWebApplicationContext(ContextLoader.java:294) ~[spring-web-3.2.5.RELEASE.jar:3.2.5.RELEASE]
	at org.springframework.web.context.ContextLoaderListener.contextInitialized(ContextLoaderListener.java:112) [spring-web-3.2.5.RELEASE.jar:3.2.5.RELEASE]
	at org.apache.catalina.core.StandardContext.listenerStart(StandardContext.java:4939) [catalina.jar:7.0.42]
	at org.apache.catalina.core.StandardContext.startInternal(StandardContext.java:5434) [catalina.jar:7.0.42]
	at org.apache.catalina.util.LifecycleBase.start(LifecycleBase.java:150) [catalina.jar:7.0.42]
	at org.apache.catalina.core.ContainerBase$StartChild.call(ContainerBase.java:1559) [catalina.jar:7.0.42]
	at org.apache.catalina.core.ContainerBase$StartChild.call(ContainerBase.java:1549) [catalina.jar:7.0.42]
	at java.util.concurrent.FutureTask.run(FutureTask.java:262) [na:1.7.0_45]
	at java.util.concurrent.ThreadPoolExecutor.runWorker(ThreadPoolExecutor.java:1145) [na:1.7.0_45]
	at java.util.concurrent.ThreadPoolExecutor$Worker.run(ThreadPoolExecutor.java:615) [na:1.7.0_45]
	at java.lang.Thread.run(Thread.java:744) [na:1.7.0_45]
Caused by: java.lang.IllegalStateException: @Resource annotation is not supported on static fields
	at org.springframework.context.annotation.CommonAnnotationBeanPostProcessor.findResourceMetadata(CommonAnnotationBeanPostProcessor.java:341) ~[spring-context-3.2.5.RELEASE.jar:3.2.5.RELEASE]
	at org.springframework.context.annotation.CommonAnnotationBeanPostProcessor.postProcessMergedBeanDefinition(CommonAnnotationBeanPostProcessor.java:285) ~[spring-context-3.2.5.RELEASE.jar:3.2.5.RELEASE]
	at org.springframework.beans.factory.support.AbstractAutowireCapableBeanFactory.applyMergedBeanDefinitionPostProcessors(AbstractAutowireCapableBeanFactory.java:870) ~[spring-beans-3.2.5.RELEASE.jar:3.2.5.RELEASE]
	... 21 common frames omitted
